<?xml version="1.0" encoding="UTF-8"?>
<!-- Generated by org.testng.reporters.JUnitReportReporter -->
<testsuite hostname="EMM.local" name="appfactory.tests.MultiTenant" tests="1" failures="0" timestamp="2 Nov 2018 10:30:24 GMT" time="34.021" errors="0">
  <testcase name="triggerTestCases" time="34.021" classname="appfactory.tests.MultiTenant"/>
</testsuite> <!-- appfactory.tests.MultiTenant -->
